{"name": "test_right_way", "status": "broken", "statusDetails": {"message": "selenium.common.exceptions.TimeoutException: Message:", "trace": "browser = <selenium.webdriver.chrome.webdriver.WebDriver (session=\"da4bde8cd4dc214e51f93eaeb3e2701c\")>\n\n    def test_right_way(browser):\n        \"\"\"\n        Test case TC-4\n        \"\"\"\n        browser.get(URL)\n        browser.execute_script(\"window.scrollTo(0, document.body.scrollHeight);\")\n    \n>       WebDriverWait(browser, timeout=10, poll_frequency=2).until(EC.text_to_be_present_in_element(\n            (By.CLASS_NAME, \"current-post\"), \"17\"))\n\ntests\\test_ui.py:73: \n_ _ _ _ _ _ _ _ _ _ _ _ _ _ _ _ _ _ _ _ _ _ _ _ _ _ _ _ _ _ _ _ _ _ _ _ _ _ _ _\n\nself = <selenium.webdriver.support.wait.WebDriverWait (session=\"da4bde8cd4dc214e51f93eaeb3e2701c\")>\nmethod = <function text_to_be_present_in_element.<locals>._predicate at 0x0000020CCD83C5E0>\nmessage = ''\n\n    def until(self, method, message: str = \"\"):\n        \"\"\"Calls the method provided with the driver as an argument until the \\\n        return value does not evaluate to ``False``.\n    \n        :param method: callable(WebDriver)\n        :param message: optional message for :exc:`TimeoutException`\n        :returns: the result of the last call to `method`\n        :raises: :exc:`selenium.common.exceptions.TimeoutException` if timeout occurs\n        \"\"\"\n        screen = None\n        stacktrace = None\n    \n        end_time = time.monotonic() + self._timeout\n        while True:\n            try:\n                value = method(self._driver)\n                if value:\n                    return value\n            except self._ignored_exceptions as exc:\n                screen = getattr(exc, \"screen\", None)\n                stacktrace = getattr(exc, \"stacktrace\", None)\n            time.sleep(self._poll)\n            if time.monotonic() > end_time:\n                break\n>       raise TimeoutException(message, screen, stacktrace)\nE       selenium.common.exceptions.TimeoutException: Message:\n\nC:\\Users\\HP\\AppData\\Local\\Programs\\Python\\Python310\\lib\\site-packages\\selenium\\webdriver\\support\\wait.py:95: TimeoutException"}, "description": "\n    Test case TC-4\n    ", "start": 1677094070604, "stop": 1677094082565, "uuid": "5e51801e-5033-47a3-a789-39dbc08cfbf4", "historyId": "2c07e559f2df88dece0e1f695432ea9a", "testCaseId": "113cb9f38efcba9c4961d13004e14737", "fullName": "tests.test_ui#test_right_way", "labels": [{"name": "parentSuite", "value": "tests"}, {"name": "suite", "value": "test_ui"}, {"name": "host", "value": "DESKTOP-VCE6GUP"}, {"name": "thread", "value": "4860-MainThread"}, {"name": "framework", "value": "pytest"}, {"name": "language", "value": "cpython3"}, {"name": "package", "value": "tests.test_ui"}]}